Mono path[0] = '/home/noge/.local/share/Steam/steamapps/common/Vampire Survivors/VampireSurvivors_Data/Managed'
Mono config path = '/home/noge/.local/share/Steam/steamapps/common/Vampire Survivors/VampireSurvivors_Data/MonoBleedingEdge/etc'
Preloaded 'lib_burst_generated.so'
Preloaded 'libsteam_api.so'
Display 0 'eDP-1 14"': 1600x1000 (primary device).
[Physics::Module] Initialized MultithreadedJobDispatcher with {0} workers.
Desktop is 1600 x 1000 @ 90 Hz
Initialize engine version: 2021.3.39f1 (fb3b7b32f191)
[Subsystems] Discovering subsystems at path /home/noge/.local/share/Steam/steamapps/common/Vampire Survivors/VampireSurvivors_Data/UnitySubsystems
GfxDevice: creating device client; threaded=1; jobified=1
Renderer: Mesa Intel(R) Graphics (ADL GT2)
Vendor:   Intel
Version:  4.6 (Core Profile) Mesa 24.2.2-arch1.1
GLES:     0
 GL_3DFX_texture_compression_FXT1 GL_AMD_conservative_depth GL_AMD_depth_clamp_separate GL_AMD_draw_buffers_blend GL_AMD_gpu_shader_int64 GL_AMD_multi_draw_indirect GL_AMD_performance_monitor GL_AMD_pinned_memory GL_AMD_query_buffer_object GL_AMD_seamless_cubemap_per_texture GL_AMD_shader_stencil_export GL_AMD_shader_trinary_minmax GL_AMD_texture_texture4 GL_AMD_vertex_shader_layer GL_AMD_vertex_shader_viewport_index GL_ANGLE_texture_compression_dxt3 GL_ANGLE_texture_compression_dxt5 GL_ARB_ES2_compatibility GL_ARB_ES3_1_compatibility GL_ARB_ES3_2_compatibility GL_ARB_ES3_compatibility GL_ARB_arrays_of_arrays GL_ARB_base_instance GL_ARB_blend_func_extended GL_ARB_buffer_storage GL_ARB_clear_buffer_object GL_ARB_clear_texture GL_ARB_clip_control GL_ARB_compressed_texture_pixel_storage GL_ARB_compute_shader GL_ARB_compute_variable_group_size GL_ARB_conditional_render_inverted GL_ARB_conservative_depth GL_ARB_copy_buffer GL_ARB_copy_image GL_ARB_cull_distance GL_ARB_debug_output GL_ARB_depth_buffer_float GL_ARB
_depth_clamp GL_ARB_derivative_control GL_ARB_direct_state_access GL_ARB_draw_buffers GL_ARB_draw_buffers_blend GL_ARB_draw_elements_base_vertex GL_ARB_draw_indirect GL_ARB_draw_instanced GL_ARB_enhanced_layouts GL_ARB_explicit_attrib_location GL_ARB_explicit_uniform_location GL_ARB_fragment_coord_conventions GL_ARB_fragment_layer_viewport GL_ARB_fragment_shader GL_ARB_fragment_shader_interlock GL_ARB_framebuffer_no_attachments GL_ARB_framebuffer_object GL_ARB_framebuffer_sRGB GL_ARB_get_program_binary GL_ARB_get_texture_sub_image GL_ARB_gl_spirv GL_ARB_gpu_shader5 GL_ARB_gpu_shader_fp64 GL_ARB_gpu_shader_int64 GL_ARB_half_float_pixel GL_ARB_half_float_vertex GL_ARB_indirect_parameters GL_ARB_instanced_arrays GL_ARB_internalformat_query GL_ARB_internalformat_query2 GL_ARB_invalidate_subdata GL_ARB_map_buffer_alignment GL_ARB_map_buffer_range GL_ARB_multi_bind GL_ARB_multi_draw_indirect GL_ARB_occlusion_query2 GL_ARB_parallel_shader_compile GL_ARB_pipeline_statistics_query GL_ARB_pixel_buffer_object GL_ARB_po
int_sprite GL_ARB_polygon_offset_clamp GL_ARB_post_depth_coverage GL_ARB_program_interface_query GL_ARB_provoking_vertex GL_ARB_query_buffer_object GL_ARB_robust_buffer_access_behavior GL_ARB_robustness GL_ARB_sample_shading GL_ARB_sampler_objects GL_ARB_seamless_cube_map GL_ARB_seamless_cubemap_per_texture GL_ARB_separate_shader_objects GL_ARB_shader_atomic_counter_ops GL_ARB_shader_atomic_counters GL_ARB_shader_ballot GL_ARB_shader_bit_encoding GL_ARB_shader_clock GL_ARB_shader_draw_parameters GL_ARB_shader_group_vote GL_ARB_shader_image_load_store GL_ARB_shader_image_size GL_ARB_shader_objects GL_ARB_shader_precision GL_ARB_shader_stencil_export GL_ARB_shader_storage_buffer_object GL_ARB_shader_subroutine GL_ARB_shader_texture_image_samples GL_ARB_shader_texture_lod GL_ARB_shader_viewport_layer_array GL_ARB_shading_language_420pack GL_ARB_shading_language_include GL_ARB_shading_language_packing GL_ARB_spirv_extensions GL_ARB_stencil_texturing GL_ARB_sync GL_ARB_tessellation_shader GL_ARB_texture_barrier G
L_ARB_texture_border_clamp GL_ARB_texture_buffer_object GL_ARB_texture_buffer_object_rgb32 GL_ARB_texture_buffer_range GL_ARB_texture_compression_bptc GL_ARB_texture_compression_rgtc GL_ARB_texture_cube_map_array GL_ARB_texture_filter_anisotropic GL_ARB_texture_float GL_ARB_texture_gather GL_ARB_texture_mirror_clamp_to_edge GL_ARB_texture_multisample GL_ARB_texture_non_power_of_two GL_ARB_texture_query_levels GL_ARB_texture_query_lod GL_ARB_texture_rectangle GL_ARB_texture_rg GL_ARB_texture_rgb10_a2ui GL_ARB_texture_stencil8 GL_ARB_texture_storage GL_ARB_texture_storage_multisample GL_ARB_texture_swizzle GL_ARB_texture_view GL_ARB_timer_query GL_ARB_transform_feedback2 GL_ARB_transform_feedback3 GL_ARB_transform_feedback_instanced GL_ARB_transform_feedback_overflow_query GL_ARB_uniform_buffer_object GL_ARB_vertex_array_bgra GL_ARB_vertex_array_object GL_ARB_vertex_attrib_64bit GL_ARB_vertex_attrib_binding GL_ARB_vertex_buffer_object GL_ARB_vertex_shader GL_ARB_vertex_type_10f_11f_11f_rev GL_ARB_vertex_type_2
_10_10_10_rev GL_ARB_viewport_array GL_ATI_blend_equation_separate GL_ATI_texture_float GL_EXT_EGL_image_storage GL_EXT_EGL_image_storage_compression GL_EXT_EGL_sync GL_EXT_abgr GL_EXT_blend_equation_separate GL_EXT_debug_label GL_EXT_demote_to_helper_invocation GL_EXT_depth_bounds_test GL_EXT_draw_buffers2 GL_EXT_draw_instanced GL_EXT_framebuffer_blit GL_EXT_framebuffer_multisample GL_EXT_framebuffer_multisample_blit_scaled GL_EXT_framebuffer_object GL_EXT_framebuffer_sRGB GL_EXT_memory_object GL_EXT_memory_object_fd GL_EXT_packed_depth_stencil GL_EXT_packed_float GL_EXT_pixel_buffer_object GL_EXT_polygon_offset_clamp GL_EXT_provoking_vertex GL_EXT_semaphore GL_EXT_semaphore_fd GL_EXT_shader_framebuffer_fetch GL_EXT_shader_framebuffer_fetch_non_coherent GL_EXT_shader_integer_mix GL_EXT_shader_samples_identical GL_EXT_texture_array GL_EXT_texture_compression_dxt1 GL_EXT_texture_compression_rgtc GL_EXT_texture_compression_s3tc GL_EXT_texture_filter_anisotropic GL_EXT_texture_integer GL_EXT_texture_sRGB GL_EXT
_texture_sRGB_R8 GL_EXT_texture_sRGB_decode GL_EXT_texture_shadow_lod GL_EXT_texture_shared_exponent GL_EXT_texture_snorm GL_EXT_texture_storage GL_EXT_texture_swizzle GL_EXT_timer_query GL_EXT_transform_feedback GL_EXT_vertex_array_bgra GL_EXT_vertex_attrib_64bit GL_IBM_multimode_draw_arrays GL_INTEL_blackhole_render GL_INTEL_conservative_rasterization GL_INTEL_performance_query GL_INTEL_shader_atomic_float_minmax GL_INTEL_shader_integer_functions2 GL_KHR_blend_equation_advanced GL_KHR_blend_equation_advanced_coherent GL_KHR_context_flush_control GL_KHR_debug GL_KHR_no_error GL_KHR_parallel_shader_compile GL_KHR_robust_buffer_access_behavior GL_KHR_robustness GL_KHR_texture_compression_astc_ldr GL_KHR_texture_compression_astc_sliced_3d GL_MESA_framebuffer_flip_y GL_MESA_pack_invert GL_MESA_shader_integer_functions GL_MESA_texture_const_bandwidth GL_MESA_texture_signed_rgba GL_NV_alpha_to_coverage_dither_control GL_NV_compute_shader_derivatives GL_NV_conditional_render GL_NV_copy_image GL_NV_depth_clamp GL_N
V_fragment_shader_interlock GL_NV_packed_depth_stencil GL_NV_texture_barrier GL_OES_EGL_image GL_S3_s3tc
OPENGL LOG: Creating OpenGL 4.6 graphics device ; Context level  <OpenGL 4.5> ; Context handle 408056256
Begin MonoManager ReloadAssembly
- Completed reload, in  0.201 seconds
The referenced script on this Behaviour (Game Object '<null>') is missing!
Default vsync count 0
requesting resize 1600 x 1000
Using native desktop resolution 1600 x 1000
requesting fullscreen 1600 x 1000 at 0 Hz
Desktop is 1600 x 1000 @ 90 Hz
UnloadTime: 2.159417 ms
Odin Serializer ArchitectureInfo initialization with defaults (all unaligned read/writes disabled).
Odin Serializer detected whitelisted runtime platform LinuxPlayer and memory read test succeeded; enabling all unaligned memory read/writes.
[S_API] SteamAPI_Init(): Loaded '/home/noge/.local/share/Steam/linux64/steamclient.so' OK.
Setting breakpad minidump AppID = 1794680
SteamInternal_SetMinidumpSteamID:  Caching Steam ID:  76561198873858845 [API loaded no]
[VERSION_INFO][GAME] :: Vampire Survivors - 1.11.110
DontDestroyOnLoad only works for root GameObjects or components on root GameObjects.
requesting resize 1920 x 1080
Using native desktop resolution 1600 x 1000
requesting fullscreen 1600 x 1000 at 0 Hz
Desktop is 1600 x 1000 @ 90 Hz
***ADVENTURES*** If you are in adventure mode please make sure this method has been updated to support the correct config assignment!
The referenced script (VampireSurvivors.Input.MenuDebugInputManager) on this Behaviour is missing!
The referenced script on this Behaviour (Game Object 'SceneContext') is missing!
There can be only one active Event System.
Unloading 6 Unused Serialized files (Serialized files now loaded: 0)
Unloading 2260 unused Assets to reduce memory usage. Loaded Objects now: 47079.
Total: 89.503613 ms (FindLiveObjects: 3.011253 ms CreateObjectMapping: 1.795096 ms MarkObjects: 83.382386 ms  DeleteObjects: 1.313894 ms)

requesting resize 1600 x 1000
Using native desktop resolution 1600 x 1000
requesting fullscreen 1600 x 1000 at 0 Hz
Desktop is 1600 x 1000 @ 90 Hz
requesting resize 1600 x 1000
Using native desktop resolution 1600 x 1000
requesting fullscreen 1600 x 1000 at 0 Hz
Desktop is 1600 x 1000 @ 90 Hz
requesting resize 1280 x 800
requesting fullscreen 1280 x 800 at 0 Hz
Setting up downscaled viewport at 1280 x 800
Desktop is 1600 x 1000 @ 90 Hz
The referenced script (VampireSurvivors.Input.GameDebugInputManager) on this Behaviour is missing!
The referenced script on this Behaviour (Game Object 'SceneContext') is missing!
Unloading 6 Unused Serialized files (Serialized files now loaded: 0)
UnloadTime: 23.045418 ms
Singleton mode enabled for the Master Object Pooler 'MasterObjectPooler' which is not a root GameObject; this means it cannot be made scene persistent
Unloading 1802 unused Assets to reduce memory usage. Loaded Objects now: 76723.
Total: 101.784267 ms (FindLiveObjects: 5.176049 ms CreateObjectMapping: 3.910446 ms MarkObjects: 89.864589 ms  DeleteObjects: 2.832234 ms)

DIRECTER could not be added to the pool table as a pool with the same name already exists
No custom bounds found for layer Walls
No custom bounds found for layer PlayerWall
No custom bounds found for layer Walls
No custom bounds found for layer PlayerWall
No custom bounds found for layer Walls
No custom bounds found for layer PlayerWall
No custom bounds found for layer Walls
No custom bounds found for layer PlayerWall
PhaserTilemap for layer Obstacle not found!
PhaserTilemap for layer Obstacle not found!
PhaserTilemap for layer Obstacle not found!
PhaserTilemap for layer Obstacle not found!
Sprite Tiling might not appear correctly because the Sprite used is not generated with Full Rect. To fix this, change the Mesh Type in the Sprite's import setting to Full Rect
<color=#0099bc><b>DOTWEEN ► </b></color>This Tween has been killed and is now invalid
<color=#0099bc><b>DOTWEEN ► </b></color>This Tween has been killed and is now invalid
<color=#0099bc><b>DOTWEEN ► </b></color>This Tween has been killed and is now invalid
<color=#0099bc><b>DOTWEEN ► </b></color>This Tween has been killed and is now invalid
<color=#0099bc><b>DOTWEEN ► </b></color>This Tween has been killed and is now invalid
<color=#0099bc><b>DOTWEEN ► </b></color>This Tween has been killed and is now invalid
<color=#0099bc><b>DOTWEEN ► </b></color>This Tween has been killed and is now invalid
<color=#0099bc><b>DOTWEEN ► </b></color>This Tween has been killed and is now invalid
Fired signal 'UISignals.ForceBackButtonNavigation' but no subscriptions found!  If this is intentional then either add OptionalSubscriber() to the binding or change the default in ZenjectSettings
Unloading 2 Unused Serialized files (Serialized files now loaded: 3)
Unloading 57 unused Assets to reduce memory usage. Loaded Objects now: 93758.
Total: 102.498069 ms (FindLiveObjects: 7.578546 ms CreateObjectMapping: 3.296232 ms MarkObjects: 91.241675 ms  DeleteObjects: 0.380434 ms)

The referenced script (VampireSurvivors.Input.MenuDebugInputManager) on this Behaviour is missing!
The referenced script on this Behaviour (Game Object 'SceneContext') is missing!
Unloading 5 Unused Serialized files (Serialized files now loaded: 0)
Controller with id 5 disconnected but not a joystick but a Custom
UnloadTime: 96.194963 ms
Unloading 1007 unused Assets to reduce memory usage. Loaded Objects now: 51798.
Total: 89.833378 ms (FindLiveObjects: 3.117720 ms CreateObjectMapping: 1.590848 ms MarkObjects: 83.591643 ms  DeleteObjects: 1.532254 ms)

Unloading 0 Unused Serialized files (Serialized files now loaded: 0)
Unloading 0 unused Assets to reduce memory usage. Loaded Objects now: 51798.
Total: 92.577047 ms (FindLiveObjects: 3.819910 ms CreateObjectMapping: 1.663958 ms MarkObjects: 86.979530 ms  DeleteObjects: 0.112395 ms)

The referenced script (VampireSurvivors.Input.GameDebugInputManager) on this Behaviour is missing!
The referenced script on this Behaviour (Game Object 'SceneContext') is missing!
Unloading 6 Unused Serialized files (Serialized files now loaded: 0)
UnloadTime: 17.064323 ms
Singleton mode enabled for the Master Object Pooler 'MasterObjectPooler' which is not a root GameObject; this means it cannot be made scene persistent
Unloading 1829 unused Assets to reduce memory usage. Loaded Objects now: 54332.
Total: 114.255928 ms (FindLiveObjects: 7.407652 ms CreateObjectMapping: 5.464595 ms MarkObjects: 98.747765 ms  DeleteObjects: 2.634764 ms)

DIRECTER could not be added to the pool table as a pool with the same name already exists
No custom bounds found for layer Walls
No custom bounds found for layer PlayerWall
No custom bounds found for layer Walls
No custom bounds found for layer PlayerWall
No custom bounds found for layer Walls
No custom bounds found for layer PlayerWall
No custom bounds found for layer Walls
No custom bounds found for layer PlayerWall
PhaserTilemap for layer Obstacle not found!
PhaserTilemap for layer Obstacle not found!
PhaserTilemap for layer Obstacle not found!
PhaserTilemap for layer Obstacle not found!
Sprite Tiling might not appear correctly because the Sprite used is not generated with Full Rect. To fix this, change the Mesh Type in the Sprite's import setting to Full Rect
<color=#0099bc><b>DOTWEEN ► </b></color>Max Tweens reached: capacity has automatically been increased from 1250/312 to 1250/780. Use DOTween.SetTweensCapacity to set it manually at startup
Parent of RectTransform is being set with parent property. Consider using the SetParent method instead, with the worldPositionStays argument set to false. This will retain local orientation and scale rather than world orientation and scale, which can prevent common UI scaling issues.
Parent of RectTransform is being set with parent property. Consider using the SetParent method instead, with the worldPositionStays argument set to false. This will retain local orientation and scale rather than world orientation and scale, which can prevent common UI scaling issues.
<color=#0099bc><b>DOTWEEN ► </b></color>This Tween was added to a Sequence and can't be controlled directly
<color=#0099bc><b>DOTWEEN ► </b></color>This Tween was added to a Sequence and can't be controlled directly
<color=#0099bc><b>DOTWEEN ► </b></color>This Tween has been killed and is now invalid
<color=#0099bc><b>DOTWEEN ► </b></color>This Tween was added to a Sequence and can't be controlled directly
<color=#0099bc><b>DOTWEEN ► </b></color>This Tween was added to a Sequence and can't be controlled directly
<color=#0099bc><b>DOTWEEN ► </b></color>This Tween has been killed and is now invalid
<color=#0099bc><b>DOTWEEN ► </b></color>This Tween has been killed and is now invalid
Parent of RectTransform is being set with parent property. Consider using the SetParent method instead, with the worldPositionStays argument set to false. This will retain local orientation and scale rather than world orientation and scale, which can prevent common UI scaling issues.
Parent of RectTransform is being set with parent property. Consider using the SetParent method instead, with the worldPositionStays argument set to false. This will retain local orientation and scale rather than world orientation and scale, which can prevent common UI scaling issues.
<color=#0099bc><b>DOTWEEN ► </b></color>This Tween has been killed and is now invalid
Sprite Shatter (Renderer): The Sprite Shatter game object or its Sprite Renderer could not be found. Please initialise the "Sprite Shatter" component again.
<color=#0099bc><b>DOTWEEN ► </b></color>This Tween has been killed and is now invalid
<color=#0099bc><b>DOTWEEN ► </b></color>This Tween was added to a Sequence and can't be controlled directly
<color=#0099bc><b>DOTWEEN ► </b></color>This Tween was added to a Sequence and can't be controlled directly
<color=#0099bc><b>DOTWEEN ► </b></color>This Tween was added to a Sequence and can't be controlled directly
<color=#0099bc><b>DOTWEEN ► </b></color>This Tween was added to a Sequence and can't be controlled directly
<color=#0099bc><b>DOTWEEN ► </b></color>This Tween has been killed and is now invalid
<color=#0099bc><b>DOTWEEN ► </b></color>This Tween was added to a Sequence and can't be controlled directly
<color=#0099bc><b>DOTWEEN ► </b></color>This Tween was added to a Sequence and can't be controlled directly
<color=#0099bc><b>DOTWEEN ► </b></color>This Tween has been killed and is now invalid
<color=#0099bc><b>DOTWEEN ► </b></color>This Tween has been killed and is now invalid
<color=#0099bc><b>DOTWEEN ► </b></color>This Tween was added to a Sequence and can't be controlled directly
<color=#0099bc><b>DOTWEEN ► </b></color>This Tween was added to a Sequence and can't be controlled directly
<color=#0099bc><b>DOTWEEN ► </b></color>This Tween was added to a Sequence and can't be controlled directly
<color=#0099bc><b>DOTWEEN ► </b></color>This Tween was added to a Sequence and can't be controlled directly
<color=#0099bc><b>DOTWEEN ► </b></color>This Tween has been killed and is now invalid
<color=#0099bc><b>DOTWEEN ► </b></color>DEBUG MODE INFO ► [tween target: Silf2Projectile]
Target or field is missing/null () ► 

  at (wrapper managed-to-native) UnityEngine.Transform.set_localScale_Injected(UnityEngine.Transform,UnityEngine.Vector3&)
  at UnityEngine.Transform.set_localScale (UnityEngine.Vector3 value) [0x00000] in <273e4dcdaf6342dabe9eecd8837de480>:0 
  at DG.Tweening.ShortcutExtensions+<>c__DisplayClass45_0.<DOScale>b__1 (UnityEngine.Vector3 x) [0x00000] in <de1f8ef4975b4eacbeb0accc1b22c9b0>:0 
  at DG.Tweening.Plugins.Vector3Plugin.EvaluateAndApply (DG.Tweening.Plugins.Options.VectorOptions options, DG.Tweening.Tween t, System.Boolean isRelative, DG.Tweening.Core.DOGetter`1[T] getter, DG.Tweening.Core.DOSetter`1[T] setter, System.Single elapsed, UnityEngine.Vector3 startValue, UnityEngine.Vector3 changeValue, System.Single duration, System.Boolean usingInversePosition, DG.Tweening.Core.Enums.UpdateNotice updateNotice) [0x0022b] in <de1f8ef4975b4eacbeb0accc1b22c9b0>:0 
  at DG.Tweening.Core.TweenerCore`3[T1,T2,TPlugOptions].ApplyTween (System.Single prevPosition, System.Int32 prevCompletedLoops, System.Int32 newCompletedSteps, System.Boolean useInversePosition, DG.Tweening.Core.Enums.UpdateMode updateMode, DG.Tweening.Core.Enums.UpdateNotice updateNotice) [0x00043] in <de1f8ef4975b4eacbeb0accc1b22c9b0>:0 

<color=#0099bc><b>DOTWEEN ► </b></color>DEBUG MODE INFO ► [tween target: SpriteRenderer]
Target or field is missing/null () ► 

  at (wrapper managed-to-native) UnityEngine.SpriteRenderer.get_color_Injected(UnityEngine.SpriteRenderer,UnityEngine.Color&)
  at UnityEngine.SpriteRenderer.get_color () [0x00000] in <273e4dcdaf6342dabe9eecd8837de480>:0 
  at DG.Tweening.DOTweenModuleSprite+<>c__DisplayClass1_0.<DOFade>b__0 () [0x00000] in <69ce4a5b0e87486c829a3cfa7d54d132>:0 
  at (wrapper delegate-invoke) DG.Tweening.Core.DOGetter`1[UnityEngine.Color].invoke_T()
  at DG.Tweening.Plugins.ColorPlugin.EvaluateAndApply (DG.Tweening.Plugins.Options.ColorOptions options, DG.Tweening.Tween t, System.Boolean isRelative, DG.Tweening.Core.DOGetter`1[T] getter, DG.Tweening.Core.DOSetter`1[T] setter, System.Single elapsed, UnityEngine.Color startValue, UnityEngine.Color changeValue, System.Single duration, System.Boolean usingInversePosition, DG.Tweening.Core.Enums.UpdateNotice updateNotice) [0x0011c] in <de1f8ef4975b4eacbeb0accc1b22c9b0>:0 
  at DG.Tweening.Core.TweenerCore`3[T1,T2,TPlugOptions].ApplyTween (System.Single prevPosition, System.Int32 prevCompletedLoops, System.Int32 newCompletedSteps, System.Boolean useInversePosition, DG.Tweening.Core.Enums.UpdateMode updateMode, DG.Tweening.Core.Enums.UpdateNotice updateNotice) [0x00043] in <de1f8ef4975b4eacbeb0accc1b22c9b0>:0 

<color=#0099bc><b>DOTWEEN ► </b></color>DEBUG MODE INFO ► [stringId: DefaultGameTweenId]
An error inside a tween callback was taken care of () ► 

  at (wrapper managed-to-native) UnityEngine.TrailRenderer.Clear(UnityEngine.TrailRenderer)
  at VampireSurvivors.Objects.Projectiles.SilfProjectile.Despawn () [0x00044] in <4560ffdce4a84b428858116daa82ad3a>:0 
  at DG.Tweening.Tween.OnTweenCallback (DG.Tweening.TweenCallback callback, DG.Tweening.Tween t) [0x00007] in <de1f8ef4975b4eacbeb0accc1b22c9b0>:0 

<color=#ff7337><color=#0099bc><b>DOTWEEN ► </b></color> SAFE MODE ►</color> DOTween's safe mode captured 3 errors. This is usually ok (it's what safe mode is there for) but if your game is encountering issues you should set Log Behaviour to Default in DOTween Utility Panel in order to get detailed warnings when an error is captured (consider that these errors are always on the user side).
- 2 missing target or field errors
- 1 errors inside callbacks (these might be important)
Memory Statistics:
[ALLOC_TEMP_TLS] TLS Allocator
  StackAllocators : 
    [ALLOC_TEMP_MAIN]
      Peak usage frame count: [1.0 KB-2.0 KB]: 11908 frames, [2.0 KB-4.0 KB]: 406 frames, [4.0 KB-8.0 KB]: 57114 frames, [8.0 KB-16.0 KB]: 308 frames, [16.0 KB-32.0 KB]: 928 frames, [32.0 KB-64.0 KB]: 146 frames, [64.0 KB-128.0 KB]: 7448 frames, [128.0 KB-256.0 KB]: 22 frames, [256.0 KB-0.5 MB]: 5 frames, [0.5 MB-1.0 MB]: 2 frames, [2.0 MB-4.0 MB]: 1 frames, [4.0 MB-8.0 MB]: 5 frames
      Initial Block Size 4.0 MB
      Current Block Size 7.9 MB
      Peak Allocated Bytes 7.9 MB
      Overflow Count 10
    [ALLOC_TEMP_Loading.AsyncRead]
      Initial Block Size 64.0 KB
      Current Block Size 64.0 KB
      Peak Allocated Bytes 43.1 KB
      Overflow Count 0
    [ALLOC_TEMP_Loading.PreloadManager]
      Initial Block Size 256.0 KB
      Current Block Size 508.0 KB
      Peak Allocated Bytes 420.3 KB
      Overflow Count 117
    [ALLOC_TEMP_Background Job.Worker 8]
      Initial Block Size 32.0 KB
      Current Block Size 32.0 KB
      Peak Allocated Bytes 168 B
      Overflow Count 0
    [ALLOC_TEMP_Job.Worker 6]
      Initial Block Size 256.0 KB
      Current Block Size 256.0 KB
      Peak Allocated Bytes 124.2 KB
      Overflow Count 0
    [ALLOC_TEMP_Job.Worker 0]
      Initial Block Size 256.0 KB
      Current Block Size 256.0 KB
      Peak Allocated Bytes 124.2 KB
      Overflow Count 0
    [ALLOC_TEMP_Background Job.Worker 10]
      Initial Block Size 32.0 KB
      Current Block Size 32.0 KB
      Peak Allocated Bytes 168 B
      Overflow Count 0
    [ALLOC_TEMP_Background Job.Worker 9]
      Initial Block Size 32.0 KB
      Current Block Size 32.0 KB
      Peak Allocated Bytes 168 B
      Overflow Count 0
    [ALLOC_TEMP_Job.Worker 5]
      Initial Block Size 256.0 KB
      Current Block Size 256.0 KB
      Peak Allocated Bytes 124.2 KB
      Overflow Count 0
    [ALLOC_TEMP_Background Job.Worker 14]
      Initial Block Size 32.0 KB
      Current Block Size 32.0 KB
      Peak Allocated Bytes 0 B
      Overflow Count 0
    [ALLOC_TEMP_Background Job.Worker 6]
      Initial Block Size 32.0 KB
      Current Block Size 32.0 KB
      Peak Allocated Bytes 168 B
      Overflow Count 0
    [ALLOC_TEMP_Job.Worker 4]
      Initial Block Size 256.0 KB
      Current Block Size 256.0 KB
      Peak Allocated Bytes 124.2 KB
      Overflow Count 0
    [ALLOC_TEMP_Job.Worker 14]
      Initial Block Size 256.0 KB
      Current Block Size 256.0 KB
      Peak Allocated Bytes 124.2 KB
      Overflow Count 0
    [ALLOC_TEMP_Job.Worker 3]
      Initial Block Size 256.0 KB
      Current Block Size 256.0 KB
      Peak Allocated Bytes 122.1 KB
      Overflow Count 0
    [ALLOC_TEMP_Job.Worker 13]
      Initial Block Size 256.0 KB
      Current Block Size 256.0 KB
      Peak Allocated Bytes 124.2 KB
      Overflow Count 0
    [ALLOC_TEMP_Background Job.Worker 12]
      Initial Block Size 32.0 KB
      Current Block Size 32.0 KB
      Peak Allocated Bytes 65 B
      Overflow Count 0
    [ALLOC_TEMP_EnlightenWorker] x 4
      Initial Block Size 64.0 KB
      Current Block Size 64.0 KB
      Peak Allocated Bytes 0 B
      Overflow Count 0
    [ALLOC_TEMP_Background Job.Worker 15]
      Initial Block Size 32.0 KB
      Current Block Size 32.0 KB
      Peak Allocated Bytes 65 B
      Overflow Count 0
    [ALLOC_TEMP_Background Job.Worker 1]
      Initial Block Size 32.0 KB
      Current Block Size 32.0 KB
      Peak Allocated Bytes 0 B
      Overflow Count 0
    [ALLOC_TEMP_Background Job.Worker 2]
      Initial Block Size 32.0 KB
      Current Block Size 32.0 KB
      Peak Allocated Bytes 0 B
      Overflow Count 0
    [ALLOC_TEMP_Background Job.Worker 7]
      Initial Block Size 32.0 KB
      Current Block Size 32.0 KB
      Peak Allocated Bytes 168 B
      Overflow Count 0
    [ALLOC_TEMP_UnityGfxDeviceWorker]
      Initial Block Size 256.0 KB
      Current Block Size 340.0 KB
      Peak Allocated Bytes 337.6 KB
      Overflow Count 0
    [ALLOC_TEMP_AssetGarbageCollectorHelper] x 15
      Initial Block Size 64.0 KB
      Current Block Size 64.0 KB
      Peak Allocated Bytes 0 B
      Overflow Count 0
    [ALLOC_TEMP_Background Job.Worker 5]
      Initial Block Size 32.0 KB
      Current Block Size 32.0 KB
      Peak Allocated Bytes 0 B
      Overflow Count 0
    [ALLOC_TEMP_Job.Worker 9]
      Initial Block Size 256.0 KB
      Current Block Size 256.0 KB
      Peak Allocated Bytes 124.2 KB
      Overflow Count 0
    [ALLOC_TEMP_Background Job.Worker 13]
      Initial Block Size 32.0 KB
      Current Block Size 32.0 KB
      Peak Allocated Bytes 0 B
      Overflow Count 0
    [ALLOC_TEMP_Job.Worker 8]
      Initial Block Size 256.0 KB
      Current Block Size 256.0 KB
      Peak Allocated Bytes 124.2 KB
      Overflow Count 0
    [ALLOC_TEMP_Job.Worker 7]
      Initial Block Size 256.0 KB
      Current Block Size 256.0 KB
      Peak Allocated Bytes 124.2 KB
      Overflow Count 0
    [ALLOC_TEMP_Job.Worker 1]
      Initial Block Size 256.0 KB
      Current Block Size 256.0 KB
      Peak Allocated Bytes 124.2 KB
      Overflow Count 0
    [ALLOC_TEMP_Job.Worker 2]
      Initial Block Size 256.0 KB
      Current Block Size 256.0 KB
      Peak Allocated Bytes 124.2 KB
      Overflow Count 0
    [ALLOC_TEMP_Background Job.Worker 3]
      Initial Block Size 32.0 KB
      Current Block Size 32.0 KB
      Peak Allocated Bytes 65 B
      Overflow Count 0
    [ALLOC_TEMP_Background Job.Worker 11]
      Initial Block Size 32.0 KB
      Current Block Size 32.0 KB
      Peak Allocated Bytes 168 B
      Overflow Count 0
    [ALLOC_TEMP_Job.Worker 10]
      Initial Block Size 256.0 KB
      Current Block Size 256.0 KB
      Peak Allocated Bytes 124.2 KB
      Overflow Count 0
    [ALLOC_TEMP_Background Job.Worker 0]
      Initial Block Size 32.0 KB
      Current Block Size 32.0 KB
      Peak Allocated Bytes 112 B
      Overflow Count 1
    [ALLOC_TEMP_CloudJob.Worker 0]
      Initial Block Size 32.0 KB
      Current Block Size 32.0 KB
      Peak Allocated Bytes 3.3 KB
      Overflow Count 0
    [ALLOC_TEMP_Job.Worker 11]
      Initial Block Size 256.0 KB
      Current Block Size 256.0 KB
      Peak Allocated Bytes 124.2 KB
      Overflow Count 0
    [ALLOC_TEMP_Job.Worker 12]
      Initial Block Size 256.0 KB
      Current Block Size 256.0 KB
      Peak Allocated Bytes 124.2 KB
      Overflow Count 0
    [ALLOC_TEMP_Background Job.Worker 4]
      Initial Block Size 32.0 KB
      Current Block Size 32.0 KB
      Peak Allocated Bytes 0 B
      Overflow Count 0
    [ALLOC_TEMP_BatchDeleteObjects]
      Initial Block Size 64.0 KB
      Current Block Size 64.0 KB
      Peak Allocated Bytes 0 B
      Overflow Count 0
[ALLOC_DEFAULT] Dual Thread Allocator
  Peak main deferred allocation count 88399
    [ALLOC_BUCKET]
      Large Block size 4.0 MB
      Used Block count 1
      Peak Allocated bytes 4.0 MB
      Failed Allocations. Bucket layout:
        16B: 19 Subsections = 19456 buckets. Failed count: 2762635
        32B: 4 Subsections = 2048 buckets. Failed count: 1717981
        48B: 13 Subsections = 4437 buckets. Failed count: 10610169
        64B: 139 Subsections = 35584 buckets. Failed count: 484776
        80B: 75 Subsections = 15360 buckets. Failed count: 190053
        96B: 2 Subsections = 341 buckets. Failed count: 270783
        112B: 2 Subsections = 292 buckets. Failed count: 121951
        128B: 2 Subsections = 256 buckets. Failed count: 137264
    [ALLOC_DEFAULT_MAIN]
      Peak usage frame count: [128.0 MB-256.0 MB]: 78293 frames
      Requested Block Size 16.0 MB
      Peak Block count 15
      Peak Allocated memory 205.9 MB
      Peak Large allocation bytes 16.0 MB
    [ALLOC_DEFAULT_THREAD]
      Peak usage frame count: [16.0 MB-32.0 MB]: 78293 frames
      Requested Block Size 16.0 MB
      Peak Block count 1
      Peak Allocated memory 29.8 MB
      Peak Large allocation bytes 16.0 MB
[ALLOC_TEMP_JOB_1_FRAME]
  Initial Block Size 2.0 MB
  Used Block Count 1
  Overflow Count (too large) 0
  Overflow Count (full) 0
[ALLOC_TEMP_JOB_2_FRAMES]
  Initial Block Size 2.0 MB
  Used Block Count 1
  Overflow Count (too large) 0
  Overflow Count (full) 0
[ALLOC_TEMP_JOB_4_FRAMES (JobTemp)]
  Initial Block Size 2.0 MB
  Used Block Count 5
  Overflow Count (too large) 0
  Overflow Count (full) 0
[ALLOC_TEMP_JOB_ASYNC (Background)]
  Initial Block Size 1.0 MB
  Used Block Count 5
  Overflow Count (too large) 0
  Overflow Count (full) 0
[ALLOC_GFX] Dual Thread Allocator
  Peak main deferred allocation count 85
    [ALLOC_BUCKET]
      Large Block size 4.0 MB
      Used Block count 1
      Peak Allocated bytes 4.0 MB
      Failed Allocations. Bucket layout:
        16B: 19 Subsections = 19456 buckets. Failed count: 2762635
        32B: 4 Subsections = 2048 buckets. Failed count: 1717981
        48B: 13 Subsections = 4437 buckets. Failed count: 10610169
        64B: 139 Subsections = 35584 buckets. Failed count: 484776
        80B: 75 Subsections = 15360 buckets. Failed count: 190053
        96B: 2 Subsections = 341 buckets. Failed count: 270783
        112B: 2 Subsections = 292 buckets. Failed count: 121951
        128B: 2 Subsections = 256 buckets. Failed count: 137264
    [ALLOC_GFX_MAIN]
      Peak usage frame count: [16.0 MB-32.0 MB]: 78236 frames, [32.0 MB-64.0 MB]: 57 frames
      Requested Block Size 16.0 MB
      Peak Block count 3
      Peak Allocated memory 37.6 MB
      Peak Large allocation bytes 0 B
    [ALLOC_GFX_THREAD]
      Peak usage frame count: [1.0 MB-2.0 MB]: 7666 frames, [2.0 MB-4.0 MB]: 52583 frames, [4.0 MB-8.0 MB]: 18044 frames
      Requested Block Size 16.0 MB
      Peak Block count 1
      Peak Allocated memory 4.4 MB
      Peak Large allocation bytes 0 B
[ALLOC_CACHEOBJECTS] Dual Thread Allocator
  Peak main deferred allocation count 19792
    [ALLOC_BUCKET]
      Large Block size 4.0 MB
      Used Block count 1
      Peak Allocated bytes 4.0 MB
      Failed Allocations. Bucket layout:
        16B: 19 Subsections = 19456 buckets. Failed count: 2762635
        32B: 4 Subsections = 2048 buckets. Failed count: 1717981
        48B: 13 Subsections = 4437 buckets. Failed count: 10610169
        64B: 139 Subsections = 35584 buckets. Failed count: 484776
        80B: 75 Subsections = 15360 buckets. Failed count: 190053
        96B: 2 Subsections = 341 buckets. Failed count: 270783
        112B: 2 Subsections = 292 buckets. Failed count: 121951
        128B: 2 Subsections = 256 buckets. Failed count: 137264
    [ALLOC_CACHEOBJECTS_MAIN]
      Peak usage frame count: [32.0 MB-64.0 MB]: 78293 frames
      Requested Block Size 4.0 MB
      Peak Block count 9
      Peak Allocated memory 55.6 MB
      Peak Large allocation bytes 24.2 MB
    [ALLOC_CACHEOBJECTS_THREAD]
      Peak usage frame count: [1.0 MB-2.0 MB]: 4 frames, [2.0 MB-4.0 MB]: 7511 frames, [4.0 MB-8.0 MB]: 70745 frames, [8.0 MB-16.0 MB]: 33 frames
      Requested Block Size 4.0 MB
      Peak Block count 5
      Peak Allocated memory 14.9 MB
      Peak Large allocation bytes 0 B
[ALLOC_TYPETREE] Dual Thread Allocator
  Peak main deferred allocation count 0
    [ALLOC_BUCKET]
      Large Block size 4.0 MB
      Used Block count 1
      Peak Allocated bytes 4.0 MB
      Failed Allocations. Bucket layout:
        16B: 19 Subsections = 19456 buckets. Failed count: 2762635
        32B: 4 Subsections = 2048 buckets. Failed count: 1717981
        48B: 13 Subsections = 4437 buckets. Failed count: 10610169
        64B: 139 Subsections = 35584 buckets. Failed count: 484776
        80B: 75 Subsections = 15360 buckets. Failed count: 190053
        96B: 2 Subsections = 341 buckets. Failed count: 270783
        112B: 2 Subsections = 292 buckets. Failed count: 121951
        128B: 2 Subsections = 256 buckets. Failed count: 137264
    [ALLOC_TYPETREE_MAIN]
      Peak usage frame count: [256.0 KB-0.5 MB]: 78293 frames
      Requested Block Size 2.0 MB
      Peak Block count 1
      Peak Allocated memory 382.0 KB
      Peak Large allocation bytes 0 B
    [ALLOC_TYPETREE_THREAD]
      Peak usage frame count: [4.0 KB-8.0 KB]: 5 frames, [8.0 KB-16.0 KB]: 7 frames, [32.0 KB-64.0 KB]: 7641 frames, [256.0 KB-0.5 MB]: 70640 frames
      Requested Block Size 2.0 MB
      Peak Block count 1
      Peak Allocated memory 447.5 KB
      Peak Large allocation bytes 0 B
