2024-09-04 17:00:19 Loading main app package /usr/lib/obsidian/obsidian.asar
2024-09-04 17:00:19 Checking for update using Github
2024-09-04 17:00:20 Success.
2024-09-04 17:00:20 Latest version is 1.6.7
2024-09-04 17:00:20 App is up to date.
2024-09-04 17:01:56 Loading main app package /usr/lib/obsidian/obsidian.asar
2024-09-04 17:01:57 Checking for update using Github
2024-09-04 17:01:57 Success.
2024-09-04 17:01:57 Latest version is 1.6.7
2024-09-04 17:01:57 App is up to date.
2024-09-04 17:05:18 Loading main app package /usr/lib/obsidian/obsidian.asar
2024-09-04 17:05:19 Checking for update using Github
2024-09-04 17:05:19 Success.
2024-09-04 17:05:19 Latest version is 1.6.7
2024-09-04 17:05:19 App is up to date.
2024-09-04 19:40:40 Checking for update using Github
2024-09-04 19:40:40 Success.
2024-09-04 19:40:40 Latest version is 1.6.7
2024-09-04 19:40:40 App is up to date.
2024-09-05 15:56:54 Loading main app package /usr/lib/obsidian/obsidian.asar
2024-09-05 15:56:54 Checking for update using Github
2024-09-05 15:56:54 Success.
2024-09-05 15:56:54 Latest version is 1.6.7
2024-09-05 15:56:54 App is up to date.
2024-09-05 15:58:53 Loading main app package /usr/lib/obsidian/obsidian.asar
2024-09-05 15:58:54 Checking for update using Github
2024-09-05 16:56:54 Checking for update using Github
2024-09-05 16:56:54 Success.
2024-09-05 16:56:54 Latest version is 1.6.7
2024-09-05 16:56:54 App is up to date.
2024-09-11 02:08:13 Loading main app package /usr/lib/obsidian/obsidian.asar
2024-09-11 02:08:13 Checking for update using Github
2024-09-11 02:08:13 Success.
2024-09-11 02:08:13 Latest version is 1.6.7
2024-09-11 02:08:13 App is up to date.
